{
  "stats": {
    "suites": 0,
    "tests": 0,
    "passes": 0,
    "pending": 0,
    "failures": 0,
    "start": "2018-12-21T17:44:02.543Z",
    "end": "2018-12-21T17:44:07.354Z",
    "duration": 7,
    "testsRegistered": 0,
    "passPercent": null,
    "pendingPercent": null,
    "other": 0,
    "hasOther": false,
    "skipped": 0,
    "hasSkipped": false
  },
  "results": [
    false
  ],
  "meta": {
    "mocha": {
      "version": "5.2.0"
    },
    "mochawesome": {
      "options": {
        "quiet": false,
        "reportFilename": "mochawesome",
        "saveHtml": false,
        "saveJson": true,
        "useInlineDiffs": false
      },
      "version": "4.0.0"
    },
    "marge": {
      "options": {
        "id": "default",
        "reportFilename": "mochawesome",
        "overwrite": false,
        "html": false
      },
      "version": "4.0.0"
    }
  }
}